<?xml version="1.0" encoding="UTF-8"?>
<!-- Generated by org.testng.reporters.JUnitReportReporter -->
<testsuite hostname="Dell-5577-Sidhu" failures="0" tests="3" name="TestNgAssignment.Annotations" time="0.017" errors="0" timestamp="2023-08-30T14:38:14 EDT" skipped="0">
  <testcase classname="TestNgAssignment.Annotations" name="WriteTestCases" time="0.010"/>
  <system-out/>
  <testcase classname="TestNgAssignment.Annotations" name="Execute" time="0.004"/>
  <system-out/>
  <testcase classname="TestNgAssignment.Annotations" name="LogDefects" time="0.003"/>
  <system-out/>
</testsuite> <!-- TestNgAssignment.Annotations -->
