<?xml version="1.0" encoding="UTF-8"?>
<!-- Generated by org.testng.reporters.JUnitReportReporter -->
<testsuite hostname="Dell-5577-Sidhu" failures="0" tests="6" name="TestNgAssignment.Parameterization" time="24.174" errors="0" timestamp="2023-08-30T19:28:42 EDT" skipped="0">
  <testcase classname="TestNgAssignment.Parameterization" name="Contactus_TC1_valid_fname" time="5.054"/>
  <system-out/>
  <testcase classname="TestNgAssignment.Parameterization" name="Contactus_TC1_valid_fname" time="3.505"/>
  <system-out/>
  <testcase classname="TestNgAssignment.Parameterization" name="Contactus_TC1_valid_fname" time="3.593"/>
  <system-out/>
  <testcase classname="TestNgAssignment.Parameterization" name="Contactus_TC1_valid_fname" time="3.347"/>
  <system-out/>
  <testcase classname="TestNgAssignment.Parameterization" name="Contactus_TC1_valid_fname" time="5.157"/>
  <system-out/>
  <testcase classname="TestNgAssignment.Parameterization" name="Contactus_TC1_valid_fname" time="3.518"/>
  <system-out/>
</testsuite> <!-- TestNgAssignment.Parameterization -->
